[2013-09-06 00:10:30] phpDocumentor.WARNING: E_WARNING: date_default_timezone_get(): It is not safe to rely on the system's timezone settings. You are *required* to use the date.timezone setting or the date_default_timezone_set() function. In case you used any of those methods and you are still getting this warning, you most likely misspelled the timezone identifier. We selected the timezone 'UTC' for now, but please set date.timezone to select your timezone. {"file":"/usr/share/php/phpDocumentor/vendor/monolog/monolog/src/Monolog/Logger.php","line":209} []
[2013-09-06 00:10:30] phpDocumentor.INFO: Collecting files ..  [] []
[2013-09-06 00:10:30] phpDocumentor.INFO: OK [] []
[2013-09-06 00:10:30] phpDocumentor.INFO: Initializing parser ..  [] []
[2013-09-06 00:10:30] phpDocumentor.INFO: OK [] []
[2013-09-06 00:10:30] phpDocumentor.INFO: Parsing files [] []
[2013-09-06 00:10:30] phpDocumentor.INFO: Parsing /home/www/species/repository/glial/glial/debug/Debug.php [] []
[2013-09-06 00:10:30] phpDocumentor.INFO:   No summary was found for this file [] []
[2013-09-06 00:10:30] phpDocumentor.INFO:   No summary for class \glial\debug\Debug [] []
[2013-09-06 00:10:30] phpDocumentor.INFO:   No summary for property $timer [] []
[2013-09-06 00:10:30] phpDocumentor.INFO:   No summary for property $timerdiff [] []
[2013-09-06 00:10:30] phpDocumentor.INFO:   No summary for property $memoryfrom [] []
[2013-09-06 00:10:30] phpDocumentor.INFO:   No summary for property $memory [] []
[2013-09-06 00:10:30] phpDocumentor.INFO:   No summary for property $memorydiff [] []
[2013-09-06 00:10:30] phpDocumentor.INFO:   No summary for property $memory_get_peak_usage [] []
[2013-09-06 00:10:30] phpDocumentor.INFO:   No summary for property $debug [] []
[2013-09-06 00:10:30] phpDocumentor.INFO:   No summary for property $comment [] []
[2013-09-06 00:10:30] phpDocumentor.INFO:   No summary for property $i [] []
[2013-09-06 00:10:30] phpDocumentor.INFO:   No summary for method print_table() [] []
[2013-09-06 00:10:30] phpDocumentor.INFO:   No summary for method save() [] []
[2013-09-06 00:10:30] phpDocumentor.INFO:   No summary for method graph() [] []
[2013-09-06 00:10:30] phpDocumentor.INFO:   No summary for method graph2() [] []
[2013-09-06 00:10:30] phpDocumentor.INFO: Parsing /home/www/species/repository/glial/glial/service/webex/Webex.php [] []
[2013-09-06 00:10:30] phpDocumentor.INFO:   No summary was found for this file [] []
[2013-09-06 00:10:30] phpDocumentor.INFO:   No summary for class \glial\service\webex\Webex [] []
[2013-09-06 00:10:30] phpDocumentor.INFO:   No summary for property $data [] []
[2013-09-06 00:10:30] phpDocumentor.INFO:   No summary for property $id_group [] []
[2013-09-06 00:10:30] phpDocumentor.INFO:   No summary for property $webExID [] []
[2013-09-06 00:10:30] phpDocumentor.INFO:   No summary for property $password [] []
[2013-09-06 00:10:30] phpDocumentor.INFO:   No summary for property $siteID [] []
[2013-09-06 00:10:30] phpDocumentor.INFO:   No summary for property $partnerID [] []
[2013-09-06 00:10:30] phpDocumentor.INFO:   No summary for property $siteURL [] []
[2013-09-06 00:10:30] phpDocumentor.INFO:   No summary for method __construct() [] []
[2013-09-06 00:10:30] phpDocumentor.INFO:   No summary for method transmit() [] []
[2013-09-06 00:10:30] phpDocumentor.INFO:   No summary for method user_LstsummaryUser() [] []
[2013-09-06 00:10:30] phpDocumentor.INFO:   No summary for method meeting_GetjoinurlMeeting() [] []
[2013-09-06 00:10:30] phpDocumentor.INFO:   No summary for method event_LstsummaryProgram() [] []
[2013-09-06 00:10:30] phpDocumentor.INFO:   No summary for method event_LstsummaryEvent() [] []
[2013-09-06 00:10:30] phpDocumentor.INFO:   No summary for method attendee_CreateMeetingAttendee() [] []
[2013-09-06 00:10:30] phpDocumentor.INFO:   No summary for method attendee_LstMeetingAttendee() [] []
[2013-09-06 00:10:30] phpDocumentor.INFO:   No summary for method attendee_RegisterMeetingAttendee() [] []
[2013-09-06 00:10:30] phpDocumentor.INFO:   No summary for method history_LsteventattendeeHistory() [] []
[2013-09-06 00:10:30] phpDocumentor.INFO:   No summary for method test_microsite() [] []
[2013-09-06 00:10:30] phpDocumentor.INFO:   No summary for method xml_post() [] []
[2013-09-06 00:10:30] phpDocumentor.INFO:   No summary for method clean_xml() [] []
[2013-09-06 00:10:30] phpDocumentor.INFO:   No summary for method get_user_detail() [] []
[2013-09-06 00:10:30] phpDocumentor.INFO:   No summary for method get_microsite_users() [] []
[2013-09-06 00:10:30] phpDocumentor.INFO:   No summary for method test_answer() [] []
[2013-09-06 00:10:30] phpDocumentor.INFO:   No summary for method convert_xml_to_array() [] []
[2013-09-06 00:10:30] phpDocumentor.INFO:   No summary for method generate_url() [] []
[2013-09-06 00:10:30] phpDocumentor.INFO:   No summary for method clean_site_name() [] []
[2013-09-06 00:10:30] phpDocumentor.INFO:   No summary for method get_cdrs() [] []
[2013-09-06 00:10:30] phpDocumentor.INFO: Parsing /home/www/species/repository/glial/glial/shell/Color.php [] []
[2013-09-06 00:10:30] phpDocumentor.INFO:   No summary was found for this file [] []
[2013-09-06 00:10:30] phpDocumentor.INFO:   No summary for class \glial\shell\Color [] []
[2013-09-06 00:10:30] phpDocumentor.INFO:   No summary for property $foreground_colors [] []
[2013-09-06 00:10:30] phpDocumentor.INFO:   No summary for property $background_colors [] []
[2013-09-06 00:10:30] phpDocumentor.INFO:   No summary for method getColoredString() [] []
[2013-09-06 00:10:30] phpDocumentor.INFO:   No summary for method getForegroundColor() [] []
[2013-09-06 00:10:30] phpDocumentor.INFO:   No summary for method getBackgroundColor() [] []
[2013-09-06 00:10:30] phpDocumentor.INFO:   No summary for method printAll() [] []
[2013-09-06 00:10:30] phpDocumentor.INFO: Parsing /home/www/species/repository/glial/glial/user/User.php [] []
[2013-09-06 00:10:30] phpDocumentor.INFO:   No summary was found for this file [] []
[2013-09-06 00:10:30] phpDocumentor.INFO:   No summary for class \glial\user\User [] []
[2013-09-06 00:10:30] phpDocumentor.INFO:   No summary for method getUserNotConfirmed() [] []
[2013-09-06 00:10:30] phpDocumentor.INFO: Parsing /home/www/species/repository/glial/glial/geometry/polygon/Segment.php [] []
[2013-09-06 00:10:30] phpDocumentor.INFO:   No summary was found for this file [] []
[2013-09-06 00:10:30] phpDocumentor.INFO:   No summary for class \Segment [] []
[2013-09-06 00:10:30] phpDocumentor.INFO:   No summary for property $xc [] []
[2013-09-06 00:10:30] phpDocumentor.INFO:   No summary for property $yc [] []
[2013-09-06 00:10:30] phpDocumentor.INFO:   No summary for property $d [] []
[2013-09-06 00:10:30] phpDocumentor.INFO:   No summary for method segment() [] []
[2013-09-06 00:10:30] phpDocumentor.INFO:   No summary for method Xc() [] []
[2013-09-06 00:10:30] phpDocumentor.INFO:   No summary for method Yc() [] []
[2013-09-06 00:10:30] phpDocumentor.INFO:   No summary for method d() [] []
[2013-09-06 00:10:30] phpDocumentor.INFO:   No summary for method setXc() [] []
[2013-09-06 00:10:30] phpDocumentor.INFO:   No summary for method setYc() [] []
[2013-09-06 00:10:30] phpDocumentor.INFO: Parsing /home/www/species/repository/glial/glial/geometry/polygon/Polygon.php [] []
[2013-09-06 00:10:30] phpDocumentor.INFO:   No summary was found for this file [] []
[2013-09-06 00:10:30] phpDocumentor.INFO: Parsing /home/www/species/repository/glial/glial/geometry/polygon/polyExample.php [] []
[2013-09-06 00:10:31] phpDocumentor.INFO:   No summary was found for this file [] []
[2013-09-06 00:10:31] phpDocumentor.INFO:   No summary for function \drawPolyAt() [] []
[2013-09-06 00:10:31] phpDocumentor.INFO:   No summary for function \newImage() [] []
[2013-09-06 00:10:31] phpDocumentor.INFO: Parsing /home/www/species/repository/glial/glial/geometry/polygon/Vertex.php [] []
[2013-09-06 00:10:31] phpDocumentor.INFO:   No summary was found for this file [] []
[2013-09-06 00:10:31] phpDocumentor.INFO:   No summary for class \Vertex [] []
[2013-09-06 00:10:31] phpDocumentor.INFO:   No summary for property $x [] []
[2013-09-06 00:10:31] phpDocumentor.INFO:   No summary for property $y [] []
[2013-09-06 00:10:31] phpDocumentor.INFO:   No summary for property $nextV [] []
[2013-09-06 00:10:31] phpDocumentor.INFO:   No summary for property $prevV [] []
[2013-09-06 00:10:31] phpDocumentor.INFO:   No summary for property $nSeg [] []
[2013-09-06 00:10:31] phpDocumentor.INFO:   No summary for property $pSeg [] []
[2013-09-06 00:10:31] phpDocumentor.INFO:   No summary for property $nextPoly [] []
[2013-09-06 00:10:31] phpDocumentor.INFO:   No summary for property $intersect [] []
[2013-09-06 00:10:31] phpDocumentor.INFO:   No summary for property $neighbor [] []
[2013-09-06 00:10:31] phpDocumentor.INFO:   No summary for property $alpha [] []
[2013-09-06 00:10:31] phpDocumentor.INFO:   No summary for property $entry [] []
[2013-09-06 00:10:31] phpDocumentor.INFO:   No summary for property $checked [] []
[2013-09-06 00:10:31] phpDocumentor.INFO:   No summary for property $id [] []
[2013-09-06 00:10:31] phpDocumentor.INFO:   No summary for method vertex() [] []
[2013-09-06 00:10:31] phpDocumentor.INFO:   No summary for method id() [] []
[2013-09-06 00:10:31] phpDocumentor.INFO:   No summary for method X() [] []
[2013-09-06 00:10:31] phpDocumentor.INFO:   No summary for method setX() [] []
[2013-09-06 00:10:31] phpDocumentor.INFO:   No summary for method Y() [] []
[2013-09-06 00:10:31] phpDocumentor.INFO:   No summary for method setY() [] []
[2013-09-06 00:10:31] phpDocumentor.INFO:   No summary for method Xc() [] []
[2013-09-06 00:10:31] phpDocumentor.INFO:   No summary for method Yc() [] []
[2013-09-06 00:10:31] phpDocumentor.INFO:   No summary for method d() [] []
[2013-09-06 00:10:31] phpDocumentor.INFO:   No summary for method setXc() [] []
[2013-09-06 00:10:31] phpDocumentor.INFO:   No summary for method setYc() [] []
[2013-09-06 00:10:31] phpDocumentor.INFO:   No summary for method setNext() [] []
[2013-09-06 00:10:31] phpDocumentor.INFO:   No summary for method Next() [] []
[2013-09-06 00:10:31] phpDocumentor.INFO:   No summary for method setPrev() [] []
[2013-09-06 00:10:31] phpDocumentor.INFO:   No summary for method Prev() [] []
[2013-09-06 00:10:31] phpDocumentor.INFO:   No summary for method setNseg() [] []
[2013-09-06 00:10:31] phpDocumentor.INFO:   No summary for method Nseg() [] []
[2013-09-06 00:10:31] phpDocumentor.INFO:   No summary for method setPseg() [] []
[2013-09-06 00:10:31] phpDocumentor.INFO:   No summary for method Pseg() [] []
[2013-09-06 00:10:31] phpDocumentor.INFO:   No summary for method setNextPoly() [] []
[2013-09-06 00:10:31] phpDocumentor.INFO:   No summary for method NextPoly() [] []
[2013-09-06 00:10:31] phpDocumentor.INFO:   No summary for method setNeighbor() [] []
[2013-09-06 00:10:31] phpDocumentor.INFO:   No summary for method Neighbor() [] []
[2013-09-06 00:10:31] phpDocumentor.INFO:   No summary for method Alpha() [] []
[2013-09-06 00:10:31] phpDocumentor.INFO:   No summary for method isIntersect() [] []
[2013-09-06 00:10:31] phpDocumentor.INFO:   No summary for method setChecked() [] []
[2013-09-06 00:10:31] phpDocumentor.INFO:   No summary for method isChecked() [] []
[2013-09-06 00:10:31] phpDocumentor.INFO:   No summary for method setEntry() [] []
[2013-09-06 00:10:31] phpDocumentor.INFO:   No summary for method isEntry() [] []
[2013-09-06 00:10:31] phpDocumentor.INFO:   No summary for method print_vertex() [] []
[2013-09-06 00:10:31] phpDocumentor.INFO: Parsing /home/www/species/repository/glial/glial/acl/Acl.php [] []
[2013-09-06 00:10:31] phpDocumentor.INFO:   No summary for class \glial\acl\acl [] []
[2013-09-06 00:10:31] phpDocumentor.INFO:   No summary for property $data [] []
[2013-09-06 00:10:31] phpDocumentor.INFO:   No summary for property $id_group [] []
[2013-09-06 00:10:31] phpDocumentor.INFO:   No summary for method __construct() [] []
[2013-09-06 00:10:31] phpDocumentor.INFO:   No summary for method isAllowed() [] []
[2013-09-06 00:10:31] phpDocumentor.INFO: Parsing /home/www/species/repository/glial/glial/sgbd/sql/mysql/Backup.php [] []
[2013-09-06 00:10:31] phpDocumentor.INFO:   No summary was found for this file [] []
[2013-09-06 00:10:31] phpDocumentor.INFO:   No summary for class \glial\sgbd\sql\mysql\Backup [] []
[2013-09-06 00:10:31] phpDocumentor.INFO:   No summary for property $DbLink [] []
[2013-09-06 00:10:31] phpDocumentor.INFO:   No summary for method generateBackup() [] []
[2013-09-06 00:10:31] phpDocumentor.INFO:   No summary for method insert() [] []
[2013-09-06 00:10:31] phpDocumentor.INFO: Parsing /home/www/species/repository/glial/glial/sgbd/sql/mysql/Mysql.php [] []
[2013-09-06 00:10:31] phpDocumentor.INFO:   No summary was found for this file [] []
[2013-09-06 00:10:31] phpDocumentor.INFO:   No summary for class \Mysql [] []
[2013-09-06 00:10:31] phpDocumentor.INFO:   No summary for property $link [] []
[2013-09-06 00:10:31] phpDocumentor.INFO:   No summary for method sql_connect() [] []
[2013-09-06 00:10:31] phpDocumentor.INFO:   No summary for method sql_select_db() [] []
[2013-09-06 00:10:31] phpDocumentor.INFO:   No summary for method _query() [] []
[2013-09-06 00:10:31] phpDocumentor.INFO:   No summary for method sql_num_rows() [] []
[2013-09-06 00:10:31] phpDocumentor.INFO:   No summary for method sql_close() [] []
[2013-09-06 00:10:31] phpDocumentor.INFO:   No summary for method sql_affected_rows() [] []
[2013-09-06 00:10:31] phpDocumentor.INFO:   No summary for method sql_real_escape_string() [] []
[2013-09-06 00:10:31] phpDocumentor.INFO:   No summary for method sql_insert_id() [] []
[2013-09-06 00:10:31] phpDocumentor.INFO:   No summary for method _insert_id() [] []
[2013-09-06 00:10:31] phpDocumentor.INFO:   No summary for method _error() [] []
[2013-09-06 00:10:31] phpDocumentor.INFO:   No summary for method sql_fetch_array() [] []
[2013-09-06 00:10:31] phpDocumentor.INFO:   No summary for method sql_to_array() [] []
[2013-09-06 00:10:31] phpDocumentor.INFO:   No summary for method sql_fetch_object() [] []
[2013-09-06 00:10:31] phpDocumentor.INFO:   No summary for method sql_fetch_row() [] []
[2013-09-06 00:10:31] phpDocumentor.INFO:   No summary for method sql_num_fields() [] []
[2013-09-06 00:10:31] phpDocumentor.INFO:   No summary for method sql_field_name() [] []
[2013-09-06 00:10:31] phpDocumentor.INFO:   No summary for method sql_free_result() [] []
[2013-09-06 00:10:31] phpDocumentor.INFO:   No summary for method sql_fetch_field() [] []
[2013-09-06 00:10:31] phpDocumentor.INFO: Parsing /home/www/species/repository/glial/glial/sgbd/sql/Sql.php [] []
[2013-09-06 00:10:31] phpDocumentor.INFO:   No summary was found for this file [] []
[2013-09-06 00:10:31] phpDocumentor.INFO:   No summary for class \Sql [] []
[2013-09-06 00:10:31] phpDocumentor.INFO:   No summary for property $link [] []
[2013-09-06 00:10:31] phpDocumentor.INFO:   No summary for property $number_of_query [] []
[2013-09-06 00:10:31] phpDocumentor.INFO:   No summary for property $query [] []
[2013-09-06 00:10:31] phpDocumentor.INFO:   No summary for property $error [] []
[2013-09-06 00:10:31] phpDocumentor.INFO:   No summary for property $data [] []
[2013-09-06 00:10:31] phpDocumentor.INFO:   No summary for property $rows_affected [] []
[2013-09-06 00:10:31] phpDocumentor.INFO:   No summary for property $last_id [] []
[2013-09-06 00:10:31] phpDocumentor.INFO:   No summary for property $called_from [] []
[2013-09-06 00:10:31] phpDocumentor.INFO:   No summary for property $validate [] []
[2013-09-06 00:10:31] phpDocumentor.INFO:   No summary for property $res [] []
[2013-09-06 00:10:31] phpDocumentor.INFO:   No summary for property $_history_type [] []
[2013-09-06 00:10:31] phpDocumentor.INFO:   No summary for property $_history_user [] []
[2013-09-06 00:10:31] phpDocumentor.INFO:   No summary for property $_type_query [] []
[2013-09-06 00:10:31] phpDocumentor.INFO:   No summary for property $_table_to_history [] []
[2013-09-06 00:10:31] phpDocumentor.INFO:   No summary for method get_table_to_history() [] []
[2013-09-06 00:10:31] phpDocumentor.INFO:   No summary for method sql_connect() [] []
[2013-09-06 00:10:31] phpDocumentor.INFO:   No summary for method sql_select_db() [] []
[2013-09-06 00:10:31] phpDocumentor.INFO:   No summary for method sql_close() [] []
[2013-09-06 00:10:31] phpDocumentor.INFO:   No summary for method sql_real_escape_string() [] []
[2013-09-06 00:10:31] phpDocumentor.INFO:   No summary for method sql_affected_rows() [] []
[2013-09-06 00:10:31] phpDocumentor.INFO:   No summary for method sql_num_rows() [] []
[2013-09-06 00:10:31] phpDocumentor.INFO:   No summary for method sql_num_fields() [] []
[2013-09-06 00:10:31] phpDocumentor.INFO:   No summary for method sql_field_name() [] []
[2013-09-06 00:10:31] phpDocumentor.INFO:   No summary for method sql_free_result() [] []
[2013-09-06 00:10:31] phpDocumentor.INFO:   No summary for method _insert_id() [] []
[2013-09-06 00:10:31] phpDocumentor.INFO:   No summary for method _error() [] []
[2013-09-06 00:10:31] phpDocumentor.INFO:   No summary for method sql_fetch_field() [] []
[2013-09-06 00:10:31] phpDocumentor.INFO:   No summary for method sql_query() [] []
[2013-09-06 00:10:31] phpDocumentor.INFO:   No summary for method sql_error() [] []
[2013-09-06 00:10:31] phpDocumentor.INFO:   No summary for method sql_save() [] []
[2013-09-06 00:10:31] phpDocumentor.INFO:   No summary for method get_count_query() [] []
[2013-09-06 00:10:31] phpDocumentor.INFO:   No summary for method get_validate() [] []
[2013-09-06 00:10:31] phpDocumentor.INFO:   No summary for method set_history_type() [] []
[2013-09-06 00:10:31] phpDocumentor.INFO:   No summary for method set_history_user() [] []
[2013-09-06 00:10:31] phpDocumentor.INFO:   No summary for method sql_delete() [] []
[2013-09-06 00:10:31] phpDocumentor.INFO: Parsing /home/www/species/repository/glial/glial/sgbd/sql/sybase/Sybase.php [] []
[2013-09-06 00:10:31] phpDocumentor.INFO:   No summary was found for this file [] []
[2013-09-06 00:10:31] phpDocumentor.INFO:   No summary for class \Sybase [] []
[2013-09-06 00:10:31] phpDocumentor.INFO:   No summary for property $link [] []
[2013-09-06 00:10:31] phpDocumentor.INFO:   No summary for method sql_connect() [] []
[2013-09-06 00:10:31] phpDocumentor.INFO:   No summary for method sql_select_db() [] []
[2013-09-06 00:10:31] phpDocumentor.INFO:   No summary for method _query() [] []
[2013-09-06 00:10:31] phpDocumentor.INFO:   No summary for method sql_num_rows() [] []
[2013-09-06 00:10:31] phpDocumentor.INFO:   No summary for method sql_close() [] []
[2013-09-06 00:10:31] phpDocumentor.INFO:   No summary for method sql_affected_rows() [] []
[2013-09-06 00:10:31] phpDocumentor.INFO:   No summary for method sql_real_escape_string() [] []
[2013-09-06 00:10:31] phpDocumentor.INFO:   No summary for method sql_fetch_object() [] []
[2013-09-06 00:10:31] phpDocumentor.INFO:   No summary for method _insert_id() [] []
[2013-09-06 00:10:31] phpDocumentor.INFO: Parsing /home/www/species/repository/glial/glial/ldap/Ldap.php [] []
[2013-09-06 00:10:31] phpDocumentor.INFO:   No summary for class \glial\ldap\Ldap [] []
[2013-09-06 00:10:31] phpDocumentor.INFO:   No summary for method getDN() [] []
[2013-09-06 00:10:31] phpDocumentor.INFO:   No summary for method getCN() [] []
[2013-09-06 00:10:31] phpDocumentor.INFO:   No summary for method checkGroup() [] []
[2013-09-06 00:10:31] phpDocumentor.INFO:   No summary for method checkGroupEx() [] []
[2013-09-06 00:10:31] phpDocumentor.INFO: Parsing /home/www/species/repository/glial/glial/species/Species.php [] []
[2013-09-06 00:10:31] phpDocumentor.INFO:   No summary was found for this file [] []
[2013-09-06 00:10:31] phpDocumentor.INFO:   No summary for class \glial\species\Species [] []
[2013-09-06 00:10:31] phpDocumentor.INFO:   No summary for method addSpecies() [] []
[2013-09-06 00:10:31] phpDocumentor.INFO:   No summary for method get_id_species_distribution_information() [] []
[2013-09-06 00:10:31] phpDocumentor.INFO:   No summary for method add_country_to_species() [] []
[2013-09-06 00:10:31] phpDocumentor.INFO:   No summary for method html_pic() [] []
[2013-09-06 00:10:31] phpDocumentor.INFO:   No summary for method get() [] []
[2013-09-06 00:10:31] phpDocumentor.INFO: Parsing /home/www/species/repository/glial/glial/export/Csv.php [] []
[2013-09-06 00:10:31] phpDocumentor.INFO:   No summary was found for this file [] []
[2013-09-06 00:10:31] phpDocumentor.INFO:   No summary for class \glial\export\Csv [] []
[2013-09-06 00:10:31] phpDocumentor.INFO:   No summary for method export_csv() [] []
[2013-09-06 00:10:31] phpDocumentor.INFO:   No summary for method ms_export_csv() [] []
[2013-09-06 00:10:31] phpDocumentor.INFO: Parsing /home/www/species/repository/glial/glial/export/Export.php [] []
[2013-09-06 00:10:31] phpDocumentor.INFO:   No summary was found for this file [] []
[2013-09-06 00:10:31] phpDocumentor.INFO:   No summary for class \glial\export\Export [] []
[2013-09-06 00:10:31] phpDocumentor.INFO: Parsing /home/www/species/repository/glial/glial/export/Mysql.php [] []
[2013-09-06 00:10:31] phpDocumentor.INFO:   No summary was found for this file [] []
[2013-09-06 00:10:31] phpDocumentor.INFO:   No summary for class \glial\export\Mysql [] []
[2013-09-06 00:10:31] phpDocumentor.INFO:   No summary for method backup_tables() [] []
[2013-09-06 00:10:31] phpDocumentor.INFO:   No summary for method dumpMySQL() [] []
[2013-09-06 00:10:31] phpDocumentor.INFO: Parsing /home/www/species/repository/glial/glial/extract/HtmlDom.php [] []
[2013-09-06 00:10:31] phpDocumentor.INFO:   No summary was found for this file [] []
[2013-09-06 00:10:31] phpDocumentor.INFO: Parsing /home/www/species/repository/glial/glial/parser/avibase/Avibase.php [] []
[2013-09-06 00:10:32] phpDocumentor.INFO:   No summary for class \glial\parser\avibase\Avibase [] []
[2013-09-06 00:10:32] phpDocumentor.INFO:   No summary for method get_species_by_reference() [] []
[2013-09-06 00:10:32] phpDocumentor.INFO:   No summary for method extract_p() [] []
[2013-09-06 00:10:32] phpDocumentor.INFO:   No summary for method get_regions() [] []
[2013-09-06 00:10:32] phpDocumentor.INFO:   No summary for method get_ids() [] []
[2013-09-06 00:10:32] phpDocumentor.INFO: Parsing /home/www/species/repository/glial/glial/parser/ibc/Ibc.php [] []
[2013-09-06 00:10:32] phpDocumentor.INFO:   No summary was found for this file [] []
[2013-09-06 00:10:32] phpDocumentor.INFO:   No summary for class \glial\parser\ibc\Ibc [] []
[2013-09-06 00:10:32] phpDocumentor.INFO:   No summary for method getSpeciesFromFamily() [] []
[2013-09-06 00:10:32] phpDocumentor.INFO:   No summary for method getOrderAndFamily() [] []
[2013-09-06 00:10:32] phpDocumentor.INFO:   No summary for method getPhotoAndInfos() [] []
[2013-09-06 00:10:32] phpDocumentor.INFO:   No summary for method getVideoAndInfos() [] []
[2013-09-06 00:10:32] phpDocumentor.INFO:   No summary for method getSoundAndInfos() [] []
[2013-09-06 00:10:32] phpDocumentor.INFO:   No summary for method getSpeciesInfosAndLinks() [] []
[2013-09-06 00:10:32] phpDocumentor.INFO:   No summary for method getUserInfos() [] []
[2013-09-06 00:10:32] phpDocumentor.INFO: Parsing /home/www/species/repository/glial/glial/parser/iucn/Iucn.php [] []
[2013-09-06 00:10:32] phpDocumentor.INFO:   No summary for class \gliale\parser\iucn\Iucn [] []
[2013-09-06 00:10:32] phpDocumentor.INFO:   No summary for method getAllSpecies() [] []
[2013-09-06 00:10:32] phpDocumentor.INFO:   No summary for method getSpeciesSummary() [] []
[2013-09-06 00:10:32] phpDocumentor.INFO:   No summary for method getSpeciesClassification() [] []
[2013-09-06 00:10:32] phpDocumentor.INFO:   No summary for method getSpeciesBibliography() [] []
[2013-09-06 00:10:32] phpDocumentor.INFO: Parsing /home/www/species/repository/glial/glial/parser/google/Google.php [] []
[2013-09-06 00:10:32] phpDocumentor.INFO:   No summary was found for this file [] []
[2013-09-06 00:10:32] phpDocumentor.INFO:   No summary for class \glial\parser\google\Google [] []
[2013-09-06 00:10:32] phpDocumentor.INFO:   No summary for method search() [] []
[2013-09-06 00:10:32] phpDocumentor.INFO: Parsing /home/www/species/repository/glial/glial/parser/google/GoogleImage.php [] []
[2013-09-06 00:10:32] phpDocumentor.INFO:   No summary for class \GoogleImage [] []
[2013-09-06 00:10:32] phpDocumentor.INFO:   No summary for method get_image() [] []
[2013-09-06 00:10:32] phpDocumentor.INFO: Parsing /home/www/species/repository/glial/glial/parser/xeno_canto/xeno_canto.php [] []
[2013-09-06 00:10:32] phpDocumentor.INFO:   No summary was found for this file [] []
[2013-09-06 00:10:32] phpDocumentor.INFO:   No summary for class \xeno_canto\xeno_canto [] []
[2013-09-06 00:10:32] phpDocumentor.INFO:   No summary for method getAllLink() [] []
[2013-09-06 00:10:32] phpDocumentor.INFO:   No summary for method getKmz() [] []
[2013-09-06 00:10:32] phpDocumentor.INFO: Parsing /home/www/species/repository/glial/glial/parser/whatismyipaddress/WhatIsMyIpAddress.php [] []
[2013-09-06 00:10:32] phpDocumentor.INFO:   No summary for class \glial\parser\whatismyipaddress\WhatIsMyIpAddress [] []
[2013-09-06 00:10:32] phpDocumentor.INFO:   No summary for method getInfoFromIp() [] []
[2013-09-06 00:10:32] phpDocumentor.INFO: Parsing /home/www/species/repository/glial/glial/parser/flickr/Flickr.php [] []
[2013-09-06 00:10:32] phpDocumentor.INFO:   No summary for class \glial\parser\flickr\Flickr [] []
[2013-09-06 00:10:32] phpDocumentor.INFO:   No summary for property $url [] []
[2013-09-06 00:10:32] phpDocumentor.INFO:   No summary for property $size [] []
[2013-09-06 00:10:32] phpDocumentor.INFO:   No summary for property $allowed [] []
[2013-09-06 00:10:32] phpDocumentor.INFO:   No summary for method curl() [] []
[2013-09-06 00:10:32] phpDocumentor.INFO:   No summary for method getLinksToPhotos() [] []
[2013-09-06 00:10:32] phpDocumentor.INFO:   No summary for method getPhotoInfo() [] []
[2013-09-06 00:10:32] phpDocumentor.INFO:   No summary for method get_photo_exif() [] []
[2013-09-06 00:10:32] phpDocumentor.INFO:   No summary for method fileExists() [] []
[2013-09-06 00:10:32] phpDocumentor.INFO:   No summary for method dl_photo() [] []
[2013-09-06 00:10:32] phpDocumentor.INFO:   No summary for method get_photo_id() [] []
[2013-09-06 00:10:32] phpDocumentor.INFO:   No summary for method get_all_size() [] []
[2013-09-06 00:10:32] phpDocumentor.INFO: Parsing /home/www/species/repository/glial/glial/parser/flickr/Test/FlickerTest.php [] []
[2013-09-06 00:10:32] phpDocumentor.INFO:   No summary was found for this file [] []
[2013-09-06 00:10:32] phpDocumentor.INFO:   No summary for class \glial\parser\flickr\test\TestFlickr [] []
[2013-09-06 00:10:32] phpDocumentor.INFO:   No summary for method testGetPhotoInfo() [] []
[2013-09-06 00:10:32] phpDocumentor.INFO: Parsing /home/www/species/repository/glial/glial/parser/oiseaux_net/OiseauxNet.php [] []
[2013-09-06 00:10:32] phpDocumentor.INFO:   No summary was found for this file [] []
[2013-09-06 00:10:32] phpDocumentor.INFO:   No summary for class \glial\parser\oiseaux_net\OiseauxNet [] []
[2013-09-06 00:10:32] phpDocumentor.INFO:   No summary for method get_species_from_family() [] []
[2013-09-06 00:10:32] phpDocumentor.INFO: Parsing /home/www/species/repository/glial/glial/parser/pbase/Pbase.php [] []
[2013-09-06 00:10:32] phpDocumentor.INFO:   No summary for class \gliale\parser\pbase\Pbase [] []
[2013-09-06 00:10:32] phpDocumentor.INFO:   No summary for method getAllResults() [] []
[2013-09-06 00:10:32] phpDocumentor.INFO:   No summary for method getImage() [] []
[2013-09-06 00:10:32] phpDocumentor.INFO:   No summary for method getInfo() [] []
[2013-09-06 00:10:32] phpDocumentor.INFO: Parsing /home/www/species/repository/glial/glial/parser/hofmann/Hofmann.php [] []
[2013-09-06 00:10:32] phpDocumentor.INFO:   No summary for class \glial\parser\hofmann\Hofmann [] []
[2013-09-06 00:10:32] phpDocumentor.INFO:   No summary for method get_photos() [] []
[2013-09-06 00:10:32] phpDocumentor.INFO: Parsing /home/www/species/repository/glial/glial/curl/Curl.php [] []
[2013-09-06 00:10:32] phpDocumentor.INFO:   No summary was found for this file [] []
[2013-09-06 00:10:32] phpDocumentor.INFO:   No summary for class \glial\curl\Curl [] []
[2013-09-06 00:10:32] phpDocumentor.INFO:   No summary for method get() [] []
[2013-09-06 00:10:32] phpDocumentor.INFO: Parsing /home/www/species/repository/glial/glial/neuron/controller/statistics.controller.php [] []
[2013-09-06 00:10:32] phpDocumentor.INFO:   No summary was found for this file [] []
[2013-09-06 00:10:32] phpDocumentor.INFO:   No summary for class \statistics [] []
[2013-09-06 00:10:32] phpDocumentor.INFO:   No summary for method insert() [] []
[2013-09-06 00:10:32] phpDocumentor.INFO: Parsing /home/www/species/repository/glial/glial/synapse/Statistics.php [] []
[2013-09-06 00:10:32] phpDocumentor.INFO:   No summary was found for this file [] []
[2013-09-06 00:10:32] phpDocumentor.INFO:   No summary for class \glial\synapse\Statistics [] []
[2013-09-06 00:10:32] phpDocumentor.INFO:   No summary for property $hash [] []
[2013-09-06 00:10:32] phpDocumentor.INFO:   No summary for property $data [] []
[2013-09-06 00:10:32] phpDocumentor.INFO:   No summary for method getData() [] []
[2013-09-06 00:10:32] phpDocumentor.INFO:   No summary for method insert() [] []
[2013-09-06 00:10:32] phpDocumentor.INFO:   No summary for method set() [] []
[2013-09-06 00:10:32] phpDocumentor.INFO:   No summary for method callDeamon() [] []
[2013-09-06 00:10:32] phpDocumentor.INFO:   No summary for method serializeCompressEncode64() [] []
[2013-09-06 00:10:32] phpDocumentor.INFO:   No summary for method decode64DeflateUnserialize() [] []
[2013-09-06 00:10:32] phpDocumentor.INFO:   No summary for method get() [] []
[2013-09-06 00:10:32] phpDocumentor.INFO: Parsing /home/www/species/repository/glial/glial/synapse/Singleton.php [] []
[2013-09-06 00:10:32] phpDocumentor.INFO:   No summary was found for this file [] []
[2013-09-06 00:10:32] phpDocumentor.INFO:   No summary for class \Singleton [] []
[2013-09-06 00:10:32] phpDocumentor.INFO:   No summary for property $instances [] []
[2013-09-06 00:10:32] phpDocumentor.INFO:   No summary for method __construct() [] []
[2013-09-06 00:10:32] phpDocumentor.INFO:   No summary for method __clone() [] []
[2013-09-06 00:10:32] phpDocumentor.INFO:   No summary for method getInstance() [] []
[2013-09-06 00:10:32] phpDocumentor.INFO:   No summary for method getDefined() [] []
[2013-09-06 00:10:32] phpDocumentor.INFO: Parsing /home/www/species/repository/glial/glial/synapse/Controller.php [] []
[2013-09-06 00:10:32] phpDocumentor.INFO:   No summary was found for this file [] []
[2013-09-06 00:10:32] phpDocumentor.INFO:   No summary for class \glial\synapse\Controller [] []
[2013-09-06 00:10:32] phpDocumentor.INFO:   No summary for property $controller [] []
[2013-09-06 00:10:32] phpDocumentor.INFO:   No summary for property $param [] []
[2013-09-06 00:10:32] phpDocumentor.INFO:   No summary for property $value [] []
[2013-09-06 00:10:32] phpDocumentor.INFO:   No summary for property $layout [] []
[2013-09-06 00:10:32] phpDocumentor.INFO:   No summary for property $layout_name [] []
[2013-09-06 00:10:32] phpDocumentor.INFO:   No summary for property $title [] []
[2013-09-06 00:10:32] phpDocumentor.INFO:   No summary for property $view [] []
[2013-09-06 00:10:32] phpDocumentor.INFO:   No summary for property $menu [] []
[2013-09-06 00:10:32] phpDocumentor.INFO:   No summary for property $msg_flash [] []
[2013-09-06 00:10:32] phpDocumentor.INFO:   No summary for property $javascript [] []
[2013-09-06 00:10:32] phpDocumentor.INFO:   No summary for property $code_javascript [] []
[2013-09-06 00:10:32] phpDocumentor.INFO:   No summary for property $js [] []
[2013-09-06 00:10:32] phpDocumentor.INFO:   No summary for property $data [] []
[2013-09-06 00:10:32] phpDocumentor.INFO:   No summary for property $ariane [] []
[2013-09-06 00:10:32] phpDocumentor.INFO:   No summary for property $ajax [] []
[2013-09-06 00:10:32] phpDocumentor.INFO:   No summary for property $error [] []
[2013-09-06 00:10:32] phpDocumentor.INFO:   No summary for property $html [] []
[2013-09-06 00:10:32] phpDocumentor.INFO:   No summary for method __call() [] []
[2013-09-06 00:10:32] phpDocumentor.INFO:   No summary for method get_controller() [] []
[2013-09-06 00:10:32] phpDocumentor.INFO:   No summary for method display() [] []
[2013-09-06 00:10:32] phpDocumentor.INFO:   No summary for method set_layout() [] []
[2013-09-06 00:10:32] phpDocumentor.INFO:   No summary for method get_javascript() [] []
[2013-09-06 00:10:32] phpDocumentor.INFO:   No summary for method set() [] []
[2013-09-06 00:10:32] phpDocumentor.INFO:   No summary for method get() [] []
[2013-09-06 00:10:32] phpDocumentor.INFO:   No summary for method add_javascript() [] []
[2013-09-06 00:10:32] phpDocumentor.INFO: Parsing /home/www/species/repository/glial/glial/synapse/FactoryController.php [] []
[2013-09-06 00:10:32] phpDocumentor.INFO:   No summary was found for this file [] []
[2013-09-06 00:10:32] phpDocumentor.INFO:   No summary for class \glial\synapse\FactoryController [] []
[2013-09-06 00:10:32] phpDocumentor.INFO: Parsing /home/www/species/repository/glial/glial/url/Url.php [] []
[2013-09-06 00:10:32] phpDocumentor.INFO:   No summary for class \Url [] []
[2013-09-06 00:10:32] phpDocumentor.INFO:   No summary for method getSubDomain() [] []
[2013-09-06 00:10:32] phpDocumentor.INFO: Storing cache in "/root" ..  [] []
[2013-09-06 00:10:32] phpDocumentor.INFO: OK [] []
[2013-09-06 00:10:32] phpDocumentor.INFO: Load cache                                                           ..  [] []
[2013-09-06 00:10:32] phpDocumentor.INFO:    0.001s [] []
[2013-09-06 00:10:32] phpDocumentor.INFO: Preparing template "clean"                                           ..  [] []
[2013-09-06 00:10:32] phpDocumentor.INFO:    0.019s [] []
[2013-09-06 00:10:32] phpDocumentor.INFO: Preparing 15 transformations                                         ..  [] []
[2013-09-06 00:10:32] phpDocumentor.INFO:    0.000s [] []
[2013-09-06 00:10:32] phpDocumentor.INFO: Build "elements" index                                               ..  [] []
[2013-09-06 00:10:32] phpDocumentor.INFO:    0.002s [] []
[2013-09-06 00:10:32] phpDocumentor.INFO: Replace textual FQCNs with object aliases                            ..  [] []
[2013-09-06 00:10:32] phpDocumentor.INFO:    0.015s [] []
[2013-09-06 00:10:32] phpDocumentor.INFO: Build "packages" index                                               ..  [] []
[2013-09-06 00:10:32] phpDocumentor.INFO:    0.003s [] []
[2013-09-06 00:10:32] phpDocumentor.INFO: Build "namespaces" index and add namespaces to "elements"            ..  [] []
[2013-09-06 00:10:32] phpDocumentor.INFO:    0.002s [] []
[2013-09-06 00:10:32] phpDocumentor.INFO: Transform analyzed project into artifacts                            ..  [] []
[2013-09-06 00:10:33] phpDocumentor.WARNING: E_WARNING: date_default_timezone_get(): It is not safe to rely on the system's timezone settings. You are *required* to use the date.timezone setting or the date_default_timezone_set() function. In case you used any of those methods and you are still getting this warning, you most likely misspelled the timezone identifier. We selected the timezone 'UTC' for now, but please set date.timezone to select your timezone. {"file":"/usr/share/php/phpDocumentor/vendor/twig/twig/lib/Twig/Extension/Core.php","line":66} []
[2013-09-06 00:10:33] phpDocumentor.WARNING: E_WARNING: date_default_timezone_get(): It is not safe to rely on the system's timezone settings. You are *required* to use the date.timezone setting or the date_default_timezone_set() function. In case you used any of those methods and you are still getting this warning, you most likely misspelled the timezone identifier. We selected the timezone 'UTC' for now, but please set date.timezone to select your timezone. {"file":"/usr/share/php/phpDocumentor/vendor/twig/twig/lib/Twig/Extension/Core.php","line":66} []
[2013-09-06 00:10:33] phpDocumentor.WARNING: E_WARNING: date_default_timezone_get(): It is not safe to rely on the system's timezone settings. You are *required* to use the date.timezone setting or the date_default_timezone_set() function. In case you used any of those methods and you are still getting this warning, you most likely misspelled the timezone identifier. We selected the timezone 'UTC' for now, but please set date.timezone to select your timezone. {"file":"/usr/share/php/phpDocumentor/vendor/twig/twig/lib/Twig/Extension/Core.php","line":66} []
[2013-09-06 00:10:33] phpDocumentor.WARNING: E_WARNING: date_default_timezone_get(): It is not safe to rely on the system's timezone settings. You are *required* to use the date.timezone setting or the date_default_timezone_set() function. In case you used any of those methods and you are still getting this warning, you most likely misspelled the timezone identifier. We selected the timezone 'UTC' for now, but please set date.timezone to select your timezone. {"file":"/usr/share/php/phpDocumentor/vendor/twig/twig/lib/Twig/Extension/Core.php","line":66} []
[2013-09-06 00:10:33] phpDocumentor.WARNING: E_WARNING: date_default_timezone_get(): It is not safe to rely on the system's timezone settings. You are *required* to use the date.timezone setting or the date_default_timezone_set() function. In case you used any of those methods and you are still getting this warning, you most likely misspelled the timezone identifier. We selected the timezone 'UTC' for now, but please set date.timezone to select your timezone. {"file":"/usr/share/php/phpDocumentor/vendor/twig/twig/lib/Twig/Extension/Core.php","line":66} []
[2013-09-06 00:10:33] phpDocumentor.WARNING: E_WARNING: date_default_timezone_get(): It is not safe to rely on the system's timezone settings. You are *required* to use the date.timezone setting or the date_default_timezone_set() function. In case you used any of those methods and you are still getting this warning, you most likely misspelled the timezone identifier. We selected the timezone 'UTC' for now, but please set date.timezone to select your timezone. {"file":"/usr/share/php/phpDocumentor/vendor/twig/twig/lib/Twig/Extension/Core.php","line":66} []
[2013-09-06 00:10:33] phpDocumentor.WARNING: E_WARNING: date_default_timezone_get(): It is not safe to rely on the system's timezone settings. You are *required* to use the date.timezone setting or the date_default_timezone_set() function. In case you used any of those methods and you are still getting this warning, you most likely misspelled the timezone identifier. We selected the timezone 'UTC' for now, but please set date.timezone to select your timezone. {"file":"/usr/share/php/phpDocumentor/vendor/twig/twig/lib/Twig/Extension/Core.php","line":66} []
[2013-09-06 00:10:33] phpDocumentor.WARNING: E_WARNING: date_default_timezone_get(): It is not safe to rely on the system's timezone settings. You are *required* to use the date.timezone setting or the date_default_timezone_set() function. In case you used any of those methods and you are still getting this warning, you most likely misspelled the timezone identifier. We selected the timezone 'UTC' for now, but please set date.timezone to select your timezone. {"file":"/usr/share/php/phpDocumentor/vendor/twig/twig/lib/Twig/Extension/Core.php","line":66} []
[2013-09-06 00:10:33] phpDocumentor.WARNING: E_WARNING: date_default_timezone_get(): It is not safe to rely on the system's timezone settings. You are *required* to use the date.timezone setting or the date_default_timezone_set() function. In case you used any of those methods and you are still getting this warning, you most likely misspelled the timezone identifier. We selected the timezone 'UTC' for now, but please set date.timezone to select your timezone. {"file":"/usr/share/php/phpDocumentor/vendor/twig/twig/lib/Twig/Extension/Core.php","line":66} []
[2013-09-06 00:10:33] phpDocumentor.WARNING: E_WARNING: date_default_timezone_get(): It is not safe to rely on the system's timezone settings. You are *required* to use the date.timezone setting or the date_default_timezone_set() function. In case you used any of those methods and you are still getting this warning, you most likely misspelled the timezone identifier. We selected the timezone 'UTC' for now, but please set date.timezone to select your timezone. {"file":"/usr/share/php/phpDocumentor/vendor/twig/twig/lib/Twig/Extension/Core.php","line":66} []
[2013-09-06 00:10:33] phpDocumentor.WARNING: E_WARNING: date_default_timezone_get(): It is not safe to rely on the system's timezone settings. You are *required* to use the date.timezone setting or the date_default_timezone_set() function. In case you used any of those methods and you are still getting this warning, you most likely misspelled the timezone identifier. We selected the timezone 'UTC' for now, but please set date.timezone to select your timezone. {"file":"/usr/share/php/phpDocumentor/vendor/twig/twig/lib/Twig/Extension/Core.php","line":66} []
[2013-09-06 00:10:33] phpDocumentor.WARNING: E_WARNING: date_default_timezone_get(): It is not safe to rely on the system's timezone settings. You are *required* to use the date.timezone setting or the date_default_timezone_set() function. In case you used any of those methods and you are still getting this warning, you most likely misspelled the timezone identifier. We selected the timezone 'UTC' for now, but please set date.timezone to select your timezone. {"file":"/usr/share/php/phpDocumentor/vendor/twig/twig/lib/Twig/Extension/Core.php","line":66} []
[2013-09-06 00:10:33] phpDocumentor.WARNING: E_WARNING: date_default_timezone_get(): It is not safe to rely on the system's timezone settings. You are *required* to use the date.timezone setting or the date_default_timezone_set() function. In case you used any of those methods and you are still getting this warning, you most likely misspelled the timezone identifier. We selected the timezone 'UTC' for now, but please set date.timezone to select your timezone. {"file":"/usr/share/php/phpDocumentor/vendor/twig/twig/lib/Twig/Extension/Core.php","line":66} []
[2013-09-06 00:10:33] phpDocumentor.WARNING: E_WARNING: date_default_timezone_get(): It is not safe to rely on the system's timezone settings. You are *required* to use the date.timezone setting or the date_default_timezone_set() function. In case you used any of those methods and you are still getting this warning, you most likely misspelled the timezone identifier. We selected the timezone 'UTC' for now, but please set date.timezone to select your timezone. {"file":"/usr/share/php/phpDocumentor/vendor/twig/twig/lib/Twig/Extension/Core.php","line":66} []
[2013-09-06 00:10:33] phpDocumentor.WARNING: E_WARNING: date_default_timezone_get(): It is not safe to rely on the system's timezone settings. You are *required* to use the date.timezone setting or the date_default_timezone_set() function. In case you used any of those methods and you are still getting this warning, you most likely misspelled the timezone identifier. We selected the timezone 'UTC' for now, but please set date.timezone to select your timezone. {"file":"/usr/share/php/phpDocumentor/vendor/twig/twig/lib/Twig/Extension/Core.php","line":66} []
[2013-09-06 00:10:33] phpDocumentor.WARNING: E_WARNING: date_default_timezone_get(): It is not safe to rely on the system's timezone settings. You are *required* to use the date.timezone setting or the date_default_timezone_set() function. In case you used any of those methods and you are still getting this warning, you most likely misspelled the timezone identifier. We selected the timezone 'UTC' for now, but please set date.timezone to select your timezone. {"file":"/usr/share/php/phpDocumentor/vendor/twig/twig/lib/Twig/Extension/Core.php","line":66} []
[2013-09-06 00:10:33] phpDocumentor.WARNING: E_WARNING: date_default_timezone_get(): It is not safe to rely on the system's timezone settings. You are *required* to use the date.timezone setting or the date_default_timezone_set() function. In case you used any of those methods and you are still getting this warning, you most likely misspelled the timezone identifier. We selected the timezone 'UTC' for now, but please set date.timezone to select your timezone. {"file":"/usr/share/php/phpDocumentor/vendor/twig/twig/lib/Twig/Extension/Core.php","line":66} []
[2013-09-06 00:10:33] phpDocumentor.WARNING: E_WARNING: date_default_timezone_get(): It is not safe to rely on the system's timezone settings. You are *required* to use the date.timezone setting or the date_default_timezone_set() function. In case you used any of those methods and you are still getting this warning, you most likely misspelled the timezone identifier. We selected the timezone 'UTC' for now, but please set date.timezone to select your timezone. {"file":"/usr/share/php/phpDocumentor/vendor/twig/twig/lib/Twig/Extension/Core.php","line":66} []
[2013-09-06 00:10:33] phpDocumentor.WARNING: E_WARNING: date_default_timezone_get(): It is not safe to rely on the system's timezone settings. You are *required* to use the date.timezone setting or the date_default_timezone_set() function. In case you used any of those methods and you are still getting this warning, you most likely misspelled the timezone identifier. We selected the timezone 'UTC' for now, but please set date.timezone to select your timezone. {"file":"/usr/share/php/phpDocumentor/vendor/twig/twig/lib/Twig/Extension/Core.php","line":66} []
[2013-09-06 00:10:33] phpDocumentor.WARNING: E_WARNING: date_default_timezone_get(): It is not safe to rely on the system's timezone settings. You are *required* to use the date.timezone setting or the date_default_timezone_set() function. In case you used any of those methods and you are still getting this warning, you most likely misspelled the timezone identifier. We selected the timezone 'UTC' for now, but please set date.timezone to select your timezone. {"file":"/usr/share/php/phpDocumentor/vendor/twig/twig/lib/Twig/Extension/Core.php","line":66} []
[2013-09-06 00:10:33] phpDocumentor.WARNING: E_WARNING: date_default_timezone_get(): It is not safe to rely on the system's timezone settings. You are *required* to use the date.timezone setting or the date_default_timezone_set() function. In case you used any of those methods and you are still getting this warning, you most likely misspelled the timezone identifier. We selected the timezone 'UTC' for now, but please set date.timezone to select your timezone. {"file":"/usr/share/php/phpDocumentor/vendor/twig/twig/lib/Twig/Extension/Core.php","line":66} []
[2013-09-06 00:10:33] phpDocumentor.WARNING: E_WARNING: date_default_timezone_get(): It is not safe to rely on the system's timezone settings. You are *required* to use the date.timezone setting or the date_default_timezone_set() function. In case you used any of those methods and you are still getting this warning, you most likely misspelled the timezone identifier. We selected the timezone 'UTC' for now, but please set date.timezone to select your timezone. {"file":"/usr/share/php/phpDocumentor/vendor/twig/twig/lib/Twig/Extension/Core.php","line":66} []
[2013-09-06 00:10:33] phpDocumentor.WARNING: E_WARNING: date_default_timezone_get(): It is not safe to rely on the system's timezone settings. You are *required* to use the date.timezone setting or the date_default_timezone_set() function. In case you used any of those methods and you are still getting this warning, you most likely misspelled the timezone identifier. We selected the timezone 'UTC' for now, but please set date.timezone to select your timezone. {"file":"/usr/share/php/phpDocumentor/vendor/twig/twig/lib/Twig/Extension/Core.php","line":66} []
[2013-09-06 00:10:33] phpDocumentor.WARNING: E_WARNING: date_default_timezone_get(): It is not safe to rely on the system's timezone settings. You are *required* to use the date.timezone setting or the date_default_timezone_set() function. In case you used any of those methods and you are still getting this warning, you most likely misspelled the timezone identifier. We selected the timezone 'UTC' for now, but please set date.timezone to select your timezone. {"file":"/usr/share/php/phpDocumentor/vendor/twig/twig/lib/Twig/Extension/Core.php","line":66} []
[2013-09-06 00:10:33] phpDocumentor.WARNING: E_WARNING: date_default_timezone_get(): It is not safe to rely on the system's timezone settings. You are *required* to use the date.timezone setting or the date_default_timezone_set() function. In case you used any of those methods and you are still getting this warning, you most likely misspelled the timezone identifier. We selected the timezone 'UTC' for now, but please set date.timezone to select your timezone. {"file":"/usr/share/php/phpDocumentor/vendor/twig/twig/lib/Twig/Extension/Core.php","line":66} []
[2013-09-06 00:10:33] phpDocumentor.WARNING: E_WARNING: date_default_timezone_get(): It is not safe to rely on the system's timezone settings. You are *required* to use the date.timezone setting or the date_default_timezone_set() function. In case you used any of those methods and you are still getting this warning, you most likely misspelled the timezone identifier. We selected the timezone 'UTC' for now, but please set date.timezone to select your timezone. {"file":"/usr/share/php/phpDocumentor/vendor/twig/twig/lib/Twig/Extension/Core.php","line":66} []
[2013-09-06 00:10:33] phpDocumentor.WARNING: E_WARNING: date_default_timezone_get(): It is not safe to rely on the system's timezone settings. You are *required* to use the date.timezone setting or the date_default_timezone_set() function. In case you used any of those methods and you are still getting this warning, you most likely misspelled the timezone identifier. We selected the timezone 'UTC' for now, but please set date.timezone to select your timezone. {"file":"/usr/share/php/phpDocumentor/vendor/twig/twig/lib/Twig/Extension/Core.php","line":66} []
[2013-09-06 00:10:33] phpDocumentor.WARNING: E_WARNING: date_default_timezone_get(): It is not safe to rely on the system's timezone settings. You are *required* to use the date.timezone setting or the date_default_timezone_set() function. In case you used any of those methods and you are still getting this warning, you most likely misspelled the timezone identifier. We selected the timezone 'UTC' for now, but please set date.timezone to select your timezone. {"file":"/usr/share/php/phpDocumentor/vendor/twig/twig/lib/Twig/Extension/Core.php","line":66} []
[2013-09-06 00:10:33] phpDocumentor.WARNING: E_WARNING: date_default_timezone_get(): It is not safe to rely on the system's timezone settings. You are *required* to use the date.timezone setting or the date_default_timezone_set() function. In case you used any of those methods and you are still getting this warning, you most likely misspelled the timezone identifier. We selected the timezone 'UTC' for now, but please set date.timezone to select your timezone. {"file":"/usr/share/php/phpDocumentor/vendor/twig/twig/lib/Twig/Extension/Core.php","line":66} []
[2013-09-06 00:10:33] phpDocumentor.WARNING: E_WARNING: date_default_timezone_get(): It is not safe to rely on the system's timezone settings. You are *required* to use the date.timezone setting or the date_default_timezone_set() function. In case you used any of those methods and you are still getting this warning, you most likely misspelled the timezone identifier. We selected the timezone 'UTC' for now, but please set date.timezone to select your timezone. {"file":"/usr/share/php/phpDocumentor/vendor/twig/twig/lib/Twig/Extension/Core.php","line":66} []
[2013-09-06 00:10:33] phpDocumentor.WARNING: E_WARNING: date_default_timezone_get(): It is not safe to rely on the system's timezone settings. You are *required* to use the date.timezone setting or the date_default_timezone_set() function. In case you used any of those methods and you are still getting this warning, you most likely misspelled the timezone identifier. We selected the timezone 'UTC' for now, but please set date.timezone to select your timezone. {"file":"/usr/share/php/phpDocumentor/vendor/twig/twig/lib/Twig/Extension/Core.php","line":66} []
[2013-09-06 00:10:33] phpDocumentor.WARNING: E_WARNING: date_default_timezone_get(): It is not safe to rely on the system's timezone settings. You are *required* to use the date.timezone setting or the date_default_timezone_set() function. In case you used any of those methods and you are still getting this warning, you most likely misspelled the timezone identifier. We selected the timezone 'UTC' for now, but please set date.timezone to select your timezone. {"file":"/usr/share/php/phpDocumentor/vendor/twig/twig/lib/Twig/Extension/Core.php","line":66} []
[2013-09-06 00:10:33] phpDocumentor.WARNING: E_WARNING: date_default_timezone_get(): It is not safe to rely on the system's timezone settings. You are *required* to use the date.timezone setting or the date_default_timezone_set() function. In case you used any of those methods and you are still getting this warning, you most likely misspelled the timezone identifier. We selected the timezone 'UTC' for now, but please set date.timezone to select your timezone. {"file":"/usr/share/php/phpDocumentor/vendor/twig/twig/lib/Twig/Extension/Core.php","line":66} []
[2013-09-06 00:10:33] phpDocumentor.WARNING: E_WARNING: date_default_timezone_get(): It is not safe to rely on the system's timezone settings. You are *required* to use the date.timezone setting or the date_default_timezone_set() function. In case you used any of those methods and you are still getting this warning, you most likely misspelled the timezone identifier. We selected the timezone 'UTC' for now, but please set date.timezone to select your timezone. {"file":"/usr/share/php/phpDocumentor/vendor/twig/twig/lib/Twig/Extension/Core.php","line":66} []
[2013-09-06 00:10:33] phpDocumentor.WARNING: E_WARNING: date_default_timezone_get(): It is not safe to rely on the system's timezone settings. You are *required* to use the date.timezone setting or the date_default_timezone_set() function. In case you used any of those methods and you are still getting this warning, you most likely misspelled the timezone identifier. We selected the timezone 'UTC' for now, but please set date.timezone to select your timezone. {"file":"/usr/share/php/phpDocumentor/vendor/twig/twig/lib/Twig/Extension/Core.php","line":66} []
[2013-09-06 00:10:33] phpDocumentor.WARNING: E_WARNING: date_default_timezone_get(): It is not safe to rely on the system's timezone settings. You are *required* to use the date.timezone setting or the date_default_timezone_set() function. In case you used any of those methods and you are still getting this warning, you most likely misspelled the timezone identifier. We selected the timezone 'UTC' for now, but please set date.timezone to select your timezone. {"file":"/usr/share/php/phpDocumentor/vendor/twig/twig/lib/Twig/Extension/Core.php","line":66} []
[2013-09-06 00:10:33] phpDocumentor.WARNING: E_WARNING: date_default_timezone_get(): It is not safe to rely on the system's timezone settings. You are *required* to use the date.timezone setting or the date_default_timezone_set() function. In case you used any of those methods and you are still getting this warning, you most likely misspelled the timezone identifier. We selected the timezone 'UTC' for now, but please set date.timezone to select your timezone. {"file":"/usr/share/php/phpDocumentor/vendor/twig/twig/lib/Twig/Extension/Core.php","line":66} []
[2013-09-06 00:10:33] phpDocumentor.WARNING: E_WARNING: date_default_timezone_get(): It is not safe to rely on the system's timezone settings. You are *required* to use the date.timezone setting or the date_default_timezone_set() function. In case you used any of those methods and you are still getting this warning, you most likely misspelled the timezone identifier. We selected the timezone 'UTC' for now, but please set date.timezone to select your timezone. {"file":"/usr/share/php/phpDocumentor/vendor/twig/twig/lib/Twig/Extension/Core.php","line":66} []
[2013-09-06 00:10:33] phpDocumentor.WARNING: E_WARNING: date_default_timezone_get(): It is not safe to rely on the system's timezone settings. You are *required* to use the date.timezone setting or the date_default_timezone_set() function. In case you used any of those methods and you are still getting this warning, you most likely misspelled the timezone identifier. We selected the timezone 'UTC' for now, but please set date.timezone to select your timezone. {"file":"/usr/share/php/phpDocumentor/vendor/twig/twig/lib/Twig/Extension/Core.php","line":66} []
[2013-09-06 00:10:33] phpDocumentor.WARNING: E_WARNING: date_default_timezone_get(): It is not safe to rely on the system's timezone settings. You are *required* to use the date.timezone setting or the date_default_timezone_set() function. In case you used any of those methods and you are still getting this warning, you most likely misspelled the timezone identifier. We selected the timezone 'UTC' for now, but please set date.timezone to select your timezone. {"file":"/usr/share/php/phpDocumentor/vendor/twig/twig/lib/Twig/Extension/Core.php","line":66} []
[2013-09-06 00:10:33] phpDocumentor.WARNING: E_WARNING: date_default_timezone_get(): It is not safe to rely on the system's timezone settings. You are *required* to use the date.timezone setting or the date_default_timezone_set() function. In case you used any of those methods and you are still getting this warning, you most likely misspelled the timezone identifier. We selected the timezone 'UTC' for now, but please set date.timezone to select your timezone. {"file":"/usr/share/php/phpDocumentor/vendor/twig/twig/lib/Twig/Extension/Core.php","line":66} []
[2013-09-06 00:10:33] phpDocumentor.WARNING: E_WARNING: date_default_timezone_get(): It is not safe to rely on the system's timezone settings. You are *required* to use the date.timezone setting or the date_default_timezone_set() function. In case you used any of those methods and you are still getting this warning, you most likely misspelled the timezone identifier. We selected the timezone 'UTC' for now, but please set date.timezone to select your timezone. {"file":"/usr/share/php/phpDocumentor/vendor/twig/twig/lib/Twig/Extension/Core.php","line":66} []
[2013-09-06 00:10:33] phpDocumentor.WARNING: E_WARNING: date_default_timezone_get(): It is not safe to rely on the system's timezone settings. You are *required* to use the date.timezone setting or the date_default_timezone_set() function. In case you used any of those methods and you are still getting this warning, you most likely misspelled the timezone identifier. We selected the timezone 'UTC' for now, but please set date.timezone to select your timezone. {"file":"/usr/share/php/phpDocumentor/vendor/twig/twig/lib/Twig/Extension/Core.php","line":66} []
[2013-09-06 00:10:33] phpDocumentor.WARNING: E_WARNING: date_default_timezone_get(): It is not safe to rely on the system's timezone settings. You are *required* to use the date.timezone setting or the date_default_timezone_set() function. In case you used any of those methods and you are still getting this warning, you most likely misspelled the timezone identifier. We selected the timezone 'UTC' for now, but please set date.timezone to select your timezone. {"file":"/usr/share/php/phpDocumentor/vendor/twig/twig/lib/Twig/Extension/Core.php","line":66} []
[2013-09-06 00:10:33] phpDocumentor.WARNING: E_WARNING: date_default_timezone_get(): It is not safe to rely on the system's timezone settings. You are *required* to use the date.timezone setting or the date_default_timezone_set() function. In case you used any of those methods and you are still getting this warning, you most likely misspelled the timezone identifier. We selected the timezone 'UTC' for now, but please set date.timezone to select your timezone. {"file":"/usr/share/php/phpDocumentor/vendor/twig/twig/lib/Twig/Extension/Core.php","line":66} []
[2013-09-06 00:10:33] phpDocumentor.WARNING: E_WARNING: date_default_timezone_get(): It is not safe to rely on the system's timezone settings. You are *required* to use the date.timezone setting or the date_default_timezone_set() function. In case you used any of those methods and you are still getting this warning, you most likely misspelled the timezone identifier. We selected the timezone 'UTC' for now, but please set date.timezone to select your timezone. {"file":"/usr/share/php/phpDocumentor/vendor/twig/twig/lib/Twig/Extension/Core.php","line":66} []
[2013-09-06 00:10:33] phpDocumentor.WARNING: E_WARNING: date_default_timezone_get(): It is not safe to rely on the system's timezone settings. You are *required* to use the date.timezone setting or the date_default_timezone_set() function. In case you used any of those methods and you are still getting this warning, you most likely misspelled the timezone identifier. We selected the timezone 'UTC' for now, but please set date.timezone to select your timezone. {"file":"/usr/share/php/phpDocumentor/vendor/twig/twig/lib/Twig/Extension/Core.php","line":66} []
[2013-09-06 00:10:33] phpDocumentor.WARNING: E_WARNING: date_default_timezone_get(): It is not safe to rely on the system's timezone settings. You are *required* to use the date.timezone setting or the date_default_timezone_set() function. In case you used any of those methods and you are still getting this warning, you most likely misspelled the timezone identifier. We selected the timezone 'UTC' for now, but please set date.timezone to select your timezone. {"file":"/usr/share/php/phpDocumentor/vendor/twig/twig/lib/Twig/Extension/Core.php","line":66} []
[2013-09-06 00:10:34] phpDocumentor.WARNING: E_WARNING: date_default_timezone_get(): It is not safe to rely on the system's timezone settings. You are *required* to use the date.timezone setting or the date_default_timezone_set() function. In case you used any of those methods and you are still getting this warning, you most likely misspelled the timezone identifier. We selected the timezone 'UTC' for now, but please set date.timezone to select your timezone. {"file":"/usr/share/php/phpDocumentor/vendor/twig/twig/lib/Twig/Extension/Core.php","line":66} []
[2013-09-06 00:10:34] phpDocumentor.WARNING: E_WARNING: date_default_timezone_get(): It is not safe to rely on the system's timezone settings. You are *required* to use the date.timezone setting or the date_default_timezone_set() function. In case you used any of those methods and you are still getting this warning, you most likely misspelled the timezone identifier. We selected the timezone 'UTC' for now, but please set date.timezone to select your timezone. {"file":"/usr/share/php/phpDocumentor/vendor/twig/twig/lib/Twig/Extension/Core.php","line":66} []
[2013-09-06 00:10:34] phpDocumentor.WARNING: E_WARNING: date_default_timezone_get(): It is not safe to rely on the system's timezone settings. You are *required* to use the date.timezone setting or the date_default_timezone_set() function. In case you used any of those methods and you are still getting this warning, you most likely misspelled the timezone identifier. We selected the timezone 'UTC' for now, but please set date.timezone to select your timezone. {"file":"/usr/share/php/phpDocumentor/vendor/twig/twig/lib/Twig/Extension/Core.php","line":66} []
[2013-09-06 00:10:34] phpDocumentor.WARNING: E_WARNING: date_default_timezone_get(): It is not safe to rely on the system's timezone settings. You are *required* to use the date.timezone setting or the date_default_timezone_set() function. In case you used any of those methods and you are still getting this warning, you most likely misspelled the timezone identifier. We selected the timezone 'UTC' for now, but please set date.timezone to select your timezone. {"file":"/usr/share/php/phpDocumentor/vendor/twig/twig/lib/Twig/Extension/Core.php","line":66} []
[2013-09-06 00:10:34] phpDocumentor.WARNING: E_WARNING: date_default_timezone_get(): It is not safe to rely on the system's timezone settings. You are *required* to use the date.timezone setting or the date_default_timezone_set() function. In case you used any of those methods and you are still getting this warning, you most likely misspelled the timezone identifier. We selected the timezone 'UTC' for now, but please set date.timezone to select your timezone. {"file":"/usr/share/php/phpDocumentor/vendor/twig/twig/lib/Twig/Extension/Core.php","line":66} []
[2013-09-06 00:10:34] phpDocumentor.WARNING: E_WARNING: date_default_timezone_get(): It is not safe to rely on the system's timezone settings. You are *required* to use the date.timezone setting or the date_default_timezone_set() function. In case you used any of those methods and you are still getting this warning, you most likely misspelled the timezone identifier. We selected the timezone 'UTC' for now, but please set date.timezone to select your timezone. {"file":"/usr/share/php/phpDocumentor/vendor/twig/twig/lib/Twig/Extension/Core.php","line":66} []
[2013-09-06 00:10:34] phpDocumentor.WARNING: E_WARNING: date_default_timezone_get(): It is not safe to rely on the system's timezone settings. You are *required* to use the date.timezone setting or the date_default_timezone_set() function. In case you used any of those methods and you are still getting this warning, you most likely misspelled the timezone identifier. We selected the timezone 'UTC' for now, but please set date.timezone to select your timezone. {"file":"/usr/share/php/phpDocumentor/vendor/twig/twig/lib/Twig/Extension/Core.php","line":66} []
[2013-09-06 00:10:34] phpDocumentor.WARNING: E_WARNING: date_default_timezone_get(): It is not safe to rely on the system's timezone settings. You are *required* to use the date.timezone setting or the date_default_timezone_set() function. In case you used any of those methods and you are still getting this warning, you most likely misspelled the timezone identifier. We selected the timezone 'UTC' for now, but please set date.timezone to select your timezone. {"file":"/usr/share/php/phpDocumentor/vendor/twig/twig/lib/Twig/Extension/Core.php","line":66} []
[2013-09-06 00:10:34] phpDocumentor.WARNING: E_WARNING: date_default_timezone_get(): It is not safe to rely on the system's timezone settings. You are *required* to use the date.timezone setting or the date_default_timezone_set() function. In case you used any of those methods and you are still getting this warning, you most likely misspelled the timezone identifier. We selected the timezone 'UTC' for now, but please set date.timezone to select your timezone. {"file":"/usr/share/php/phpDocumentor/vendor/twig/twig/lib/Twig/Extension/Core.php","line":66} []
[2013-09-06 00:10:34] phpDocumentor.WARNING: E_WARNING: date_default_timezone_get(): It is not safe to rely on the system's timezone settings. You are *required* to use the date.timezone setting or the date_default_timezone_set() function. In case you used any of those methods and you are still getting this warning, you most likely misspelled the timezone identifier. We selected the timezone 'UTC' for now, but please set date.timezone to select your timezone. {"file":"/usr/share/php/phpDocumentor/vendor/twig/twig/lib/Twig/Extension/Core.php","line":66} []
[2013-09-06 00:10:34] phpDocumentor.WARNING: E_WARNING: date_default_timezone_get(): It is not safe to rely on the system's timezone settings. You are *required* to use the date.timezone setting or the date_default_timezone_set() function. In case you used any of those methods and you are still getting this warning, you most likely misspelled the timezone identifier. We selected the timezone 'UTC' for now, but please set date.timezone to select your timezone. {"file":"/usr/share/php/phpDocumentor/vendor/twig/twig/lib/Twig/Extension/Core.php","line":66} []
[2013-09-06 00:10:34] phpDocumentor.WARNING: E_WARNING: date_default_timezone_get(): It is not safe to rely on the system's timezone settings. You are *required* to use the date.timezone setting or the date_default_timezone_set() function. In case you used any of those methods and you are still getting this warning, you most likely misspelled the timezone identifier. We selected the timezone 'UTC' for now, but please set date.timezone to select your timezone. {"file":"/usr/share/php/phpDocumentor/vendor/twig/twig/lib/Twig/Extension/Core.php","line":66} []
[2013-09-06 00:10:34] phpDocumentor.WARNING: E_WARNING: date_default_timezone_get(): It is not safe to rely on the system's timezone settings. You are *required* to use the date.timezone setting or the date_default_timezone_set() function. In case you used any of those methods and you are still getting this warning, you most likely misspelled the timezone identifier. We selected the timezone 'UTC' for now, but please set date.timezone to select your timezone. {"file":"/usr/share/php/phpDocumentor/vendor/twig/twig/lib/Twig/Extension/Core.php","line":66} []
[2013-09-06 00:10:34] phpDocumentor.WARNING: E_WARNING: date_default_timezone_get(): It is not safe to rely on the system's timezone settings. You are *required* to use the date.timezone setting or the date_default_timezone_set() function. In case you used any of those methods and you are still getting this warning, you most likely misspelled the timezone identifier. We selected the timezone 'UTC' for now, but please set date.timezone to select your timezone. {"file":"/usr/share/php/phpDocumentor/vendor/twig/twig/lib/Twig/Extension/Core.php","line":66} []
[2013-09-06 00:10:34] phpDocumentor.WARNING: E_WARNING: date_default_timezone_get(): It is not safe to rely on the system's timezone settings. You are *required* to use the date.timezone setting or the date_default_timezone_set() function. In case you used any of those methods and you are still getting this warning, you most likely misspelled the timezone identifier. We selected the timezone 'UTC' for now, but please set date.timezone to select your timezone. {"file":"/usr/share/php/phpDocumentor/vendor/twig/twig/lib/Twig/Extension/Core.php","line":66} []
[2013-09-06 00:10:34] phpDocumentor.WARNING: E_WARNING: date_default_timezone_get(): It is not safe to rely on the system's timezone settings. You are *required* to use the date.timezone setting or the date_default_timezone_set() function. In case you used any of those methods and you are still getting this warning, you most likely misspelled the timezone identifier. We selected the timezone 'UTC' for now, but please set date.timezone to select your timezone. {"file":"/usr/share/php/phpDocumentor/vendor/twig/twig/lib/Twig/Extension/Core.php","line":66} []
[2013-09-06 00:10:34] phpDocumentor.WARNING: E_WARNING: date_default_timezone_get(): It is not safe to rely on the system's timezone settings. You are *required* to use the date.timezone setting or the date_default_timezone_set() function. In case you used any of those methods and you are still getting this warning, you most likely misspelled the timezone identifier. We selected the timezone 'UTC' for now, but please set date.timezone to select your timezone. {"file":"/usr/share/php/phpDocumentor/vendor/twig/twig/lib/Twig/Extension/Core.php","line":66} []
[2013-09-06 00:10:34] phpDocumentor.WARNING: E_WARNING: date_default_timezone_get(): It is not safe to rely on the system's timezone settings. You are *required* to use the date.timezone setting or the date_default_timezone_set() function. In case you used any of those methods and you are still getting this warning, you most likely misspelled the timezone identifier. We selected the timezone 'UTC' for now, but please set date.timezone to select your timezone. {"file":"/usr/share/php/phpDocumentor/vendor/twig/twig/lib/Twig/Extension/Core.php","line":66} []
[2013-09-06 00:10:34] phpDocumentor.WARNING: E_WARNING: date_default_timezone_get(): It is not safe to rely on the system's timezone settings. You are *required* to use the date.timezone setting or the date_default_timezone_set() function. In case you used any of those methods and you are still getting this warning, you most likely misspelled the timezone identifier. We selected the timezone 'UTC' for now, but please set date.timezone to select your timezone. {"file":"/usr/share/php/phpDocumentor/vendor/twig/twig/lib/Twig/Extension/Core.php","line":66} []
[2013-09-06 00:10:34] phpDocumentor.WARNING: E_WARNING: date_default_timezone_get(): It is not safe to rely on the system's timezone settings. You are *required* to use the date.timezone setting or the date_default_timezone_set() function. In case you used any of those methods and you are still getting this warning, you most likely misspelled the timezone identifier. We selected the timezone 'UTC' for now, but please set date.timezone to select your timezone. {"file":"/usr/share/php/phpDocumentor/vendor/twig/twig/lib/Twig/Extension/Core.php","line":66} []
[2013-09-06 00:10:34] phpDocumentor.WARNING: E_WARNING: date_default_timezone_get(): It is not safe to rely on the system's timezone settings. You are *required* to use the date.timezone setting or the date_default_timezone_set() function. In case you used any of those methods and you are still getting this warning, you most likely misspelled the timezone identifier. We selected the timezone 'UTC' for now, but please set date.timezone to select your timezone. {"file":"/usr/share/php/phpDocumentor/vendor/twig/twig/lib/Twig/Extension/Core.php","line":66} []
[2013-09-06 00:10:34] phpDocumentor.WARNING: E_WARNING: date_default_timezone_get(): It is not safe to rely on the system's timezone settings. You are *required* to use the date.timezone setting or the date_default_timezone_set() function. In case you used any of those methods and you are still getting this warning, you most likely misspelled the timezone identifier. We selected the timezone 'UTC' for now, but please set date.timezone to select your timezone. {"file":"/usr/share/php/phpDocumentor/vendor/twig/twig/lib/Twig/Extension/Core.php","line":66} []
[2013-09-06 00:10:34] phpDocumentor.WARNING: E_WARNING: date_default_timezone_get(): It is not safe to rely on the system's timezone settings. You are *required* to use the date.timezone setting or the date_default_timezone_set() function. In case you used any of those methods and you are still getting this warning, you most likely misspelled the timezone identifier. We selected the timezone 'UTC' for now, but please set date.timezone to select your timezone. {"file":"/usr/share/php/phpDocumentor/vendor/twig/twig/lib/Twig/Extension/Core.php","line":66} []
[2013-09-06 00:10:34] phpDocumentor.WARNING: E_WARNING: date_default_timezone_get(): It is not safe to rely on the system's timezone settings. You are *required* to use the date.timezone setting or the date_default_timezone_set() function. In case you used any of those methods and you are still getting this warning, you most likely misspelled the timezone identifier. We selected the timezone 'UTC' for now, but please set date.timezone to select your timezone. {"file":"/usr/share/php/phpDocumentor/vendor/twig/twig/lib/Twig/Extension/Core.php","line":66} []
[2013-09-06 00:10:34] phpDocumentor.WARNING: E_WARNING: date_default_timezone_get(): It is not safe to rely on the system's timezone settings. You are *required* to use the date.timezone setting or the date_default_timezone_set() function. In case you used any of those methods and you are still getting this warning, you most likely misspelled the timezone identifier. We selected the timezone 'UTC' for now, but please set date.timezone to select your timezone. {"file":"/usr/share/php/phpDocumentor/vendor/twig/twig/lib/Twig/Extension/Core.php","line":66} []
[2013-09-06 00:10:34] phpDocumentor.WARNING: E_WARNING: date_default_timezone_get(): It is not safe to rely on the system's timezone settings. You are *required* to use the date.timezone setting or the date_default_timezone_set() function. In case you used any of those methods and you are still getting this warning, you most likely misspelled the timezone identifier. We selected the timezone 'UTC' for now, but please set date.timezone to select your timezone. {"file":"/usr/share/php/phpDocumentor/vendor/twig/twig/lib/Twig/Extension/Core.php","line":66} []
[2013-09-06 00:10:34] phpDocumentor.WARNING: E_WARNING: date_default_timezone_get(): It is not safe to rely on the system's timezone settings. You are *required* to use the date.timezone setting or the date_default_timezone_set() function. In case you used any of those methods and you are still getting this warning, you most likely misspelled the timezone identifier. We selected the timezone 'UTC' for now, but please set date.timezone to select your timezone. {"file":"/usr/share/php/phpDocumentor/vendor/twig/twig/lib/Twig/Extension/Core.php","line":66} []
[2013-09-06 00:10:34] phpDocumentor.WARNING: E_WARNING: date_default_timezone_get(): It is not safe to rely on the system's timezone settings. You are *required* to use the date.timezone setting or the date_default_timezone_set() function. In case you used any of those methods and you are still getting this warning, you most likely misspelled the timezone identifier. We selected the timezone 'UTC' for now, but please set date.timezone to select your timezone. {"file":"/usr/share/php/phpDocumentor/vendor/twig/twig/lib/Twig/Extension/Core.php","line":66} []
[2013-09-06 00:10:34] phpDocumentor.WARNING: E_WARNING: date_default_timezone_get(): It is not safe to rely on the system's timezone settings. You are *required* to use the date.timezone setting or the date_default_timezone_set() function. In case you used any of those methods and you are still getting this warning, you most likely misspelled the timezone identifier. We selected the timezone 'UTC' for now, but please set date.timezone to select your timezone. {"file":"/usr/share/php/phpDocumentor/vendor/twig/twig/lib/Twig/Extension/Core.php","line":66} []
[2013-09-06 00:10:34] phpDocumentor.WARNING: E_WARNING: date_default_timezone_get(): It is not safe to rely on the system's timezone settings. You are *required* to use the date.timezone setting or the date_default_timezone_set() function. In case you used any of those methods and you are still getting this warning, you most likely misspelled the timezone identifier. We selected the timezone 'UTC' for now, but please set date.timezone to select your timezone. {"file":"/usr/share/php/phpDocumentor/vendor/twig/twig/lib/Twig/Extension/Core.php","line":66} []
[2013-09-06 00:10:34] phpDocumentor.WARNING: E_WARNING: date_default_timezone_get(): It is not safe to rely on the system's timezone settings. You are *required* to use the date.timezone setting or the date_default_timezone_set() function. In case you used any of those methods and you are still getting this warning, you most likely misspelled the timezone identifier. We selected the timezone 'UTC' for now, but please set date.timezone to select your timezone. {"file":"/usr/share/php/phpDocumentor/vendor/twig/twig/lib/Twig/Extension/Core.php","line":66} []
[2013-09-06 00:10:34] phpDocumentor.WARNING: E_WARNING: date_default_timezone_get(): It is not safe to rely on the system's timezone settings. You are *required* to use the date.timezone setting or the date_default_timezone_set() function. In case you used any of those methods and you are still getting this warning, you most likely misspelled the timezone identifier. We selected the timezone 'UTC' for now, but please set date.timezone to select your timezone. {"file":"/usr/share/php/phpDocumentor/vendor/twig/twig/lib/Twig/Extension/Core.php","line":66} []
[2013-09-06 00:10:34] phpDocumentor.WARNING: E_WARNING: date_default_timezone_get(): It is not safe to rely on the system's timezone settings. You are *required* to use the date.timezone setting or the date_default_timezone_set() function. In case you used any of those methods and you are still getting this warning, you most likely misspelled the timezone identifier. We selected the timezone 'UTC' for now, but please set date.timezone to select your timezone. {"file":"/usr/share/php/phpDocumentor/vendor/twig/twig/lib/Twig/Extension/Core.php","line":66} []
[2013-09-06 00:10:34] phpDocumentor.WARNING: E_WARNING: date_default_timezone_get(): It is not safe to rely on the system's timezone settings. You are *required* to use the date.timezone setting or the date_default_timezone_set() function. In case you used any of those methods and you are still getting this warning, you most likely misspelled the timezone identifier. We selected the timezone 'UTC' for now, but please set date.timezone to select your timezone. {"file":"/usr/share/php/phpDocumentor/vendor/twig/twig/lib/Twig/Extension/Core.php","line":66} []
[2013-09-06 00:10:34] phpDocumentor.WARNING: E_WARNING: date_default_timezone_get(): It is not safe to rely on the system's timezone settings. You are *required* to use the date.timezone setting or the date_default_timezone_set() function. In case you used any of those methods and you are still getting this warning, you most likely misspelled the timezone identifier. We selected the timezone 'UTC' for now, but please set date.timezone to select your timezone. {"file":"/usr/share/php/phpDocumentor/vendor/twig/twig/lib/Twig/Extension/Core.php","line":66} []
[2013-09-06 00:10:34] phpDocumentor.WARNING: E_WARNING: date_default_timezone_get(): It is not safe to rely on the system's timezone settings. You are *required* to use the date.timezone setting or the date_default_timezone_set() function. In case you used any of those methods and you are still getting this warning, you most likely misspelled the timezone identifier. We selected the timezone 'UTC' for now, but please set date.timezone to select your timezone. {"file":"/usr/share/php/phpDocumentor/vendor/twig/twig/lib/Twig/Extension/Core.php","line":66} []
[2013-09-06 00:10:34] phpDocumentor.WARNING: E_WARNING: date_default_timezone_get(): It is not safe to rely on the system's timezone settings. You are *required* to use the date.timezone setting or the date_default_timezone_set() function. In case you used any of those methods and you are still getting this warning, you most likely misspelled the timezone identifier. We selected the timezone 'UTC' for now, but please set date.timezone to select your timezone. {"file":"/usr/share/php/phpDocumentor/vendor/twig/twig/lib/Twig/Extension/Core.php","line":66} []
[2013-09-06 00:10:34] phpDocumentor.WARNING: E_WARNING: date_default_timezone_get(): It is not safe to rely on the system's timezone settings. You are *required* to use the date.timezone setting or the date_default_timezone_set() function. In case you used any of those methods and you are still getting this warning, you most likely misspelled the timezone identifier. We selected the timezone 'UTC' for now, but please set date.timezone to select your timezone. {"file":"/usr/share/php/phpDocumentor/vendor/twig/twig/lib/Twig/Extension/Core.php","line":66} []
[2013-09-06 00:10:34] phpDocumentor.WARNING: E_WARNING: date_default_timezone_get(): It is not safe to rely on the system's timezone settings. You are *required* to use the date.timezone setting or the date_default_timezone_set() function. In case you used any of those methods and you are still getting this warning, you most likely misspelled the timezone identifier. We selected the timezone 'UTC' for now, but please set date.timezone to select your timezone. {"file":"/usr/share/php/phpDocumentor/vendor/twig/twig/lib/Twig/Extension/Core.php","line":66} []
[2013-09-06 00:10:34] phpDocumentor.WARNING: E_WARNING: date_default_timezone_get(): It is not safe to rely on the system's timezone settings. You are *required* to use the date.timezone setting or the date_default_timezone_set() function. In case you used any of those methods and you are still getting this warning, you most likely misspelled the timezone identifier. We selected the timezone 'UTC' for now, but please set date.timezone to select your timezone. {"file":"/usr/share/php/phpDocumentor/vendor/twig/twig/lib/Twig/Extension/Core.php","line":66} []
[2013-09-06 00:10:34] phpDocumentor.WARNING: E_WARNING: date_default_timezone_get(): It is not safe to rely on the system's timezone settings. You are *required* to use the date.timezone setting or the date_default_timezone_set() function. In case you used any of those methods and you are still getting this warning, you most likely misspelled the timezone identifier. We selected the timezone 'UTC' for now, but please set date.timezone to select your timezone. {"file":"/usr/share/php/phpDocumentor/vendor/twig/twig/lib/Twig/Extension/Core.php","line":66} []
[2013-09-06 00:10:34] phpDocumentor.WARNING: E_WARNING: date_default_timezone_get(): It is not safe to rely on the system's timezone settings. You are *required* to use the date.timezone setting or the date_default_timezone_set() function. In case you used any of those methods and you are still getting this warning, you most likely misspelled the timezone identifier. We selected the timezone 'UTC' for now, but please set date.timezone to select your timezone. {"file":"/usr/share/php/phpDocumentor/vendor/twig/twig/lib/Twig/Extension/Core.php","line":66} []
[2013-09-06 00:10:34] phpDocumentor.WARNING: E_WARNING: date_default_timezone_get(): It is not safe to rely on the system's timezone settings. You are *required* to use the date.timezone setting or the date_default_timezone_set() function. In case you used any of those methods and you are still getting this warning, you most likely misspelled the timezone identifier. We selected the timezone 'UTC' for now, but please set date.timezone to select your timezone. {"file":"/usr/share/php/phpDocumentor/vendor/twig/twig/lib/Twig/Extension/Core.php","line":66} []
[2013-09-06 00:10:34] phpDocumentor.WARNING: E_WARNING: date_default_timezone_get(): It is not safe to rely on the system's timezone settings. You are *required* to use the date.timezone setting or the date_default_timezone_set() function. In case you used any of those methods and you are still getting this warning, you most likely misspelled the timezone identifier. We selected the timezone 'UTC' for now, but please set date.timezone to select your timezone. {"file":"/usr/share/php/phpDocumentor/vendor/twig/twig/lib/Twig/Extension/Core.php","line":66} []
[2013-09-06 00:10:34] phpDocumentor.WARNING: E_WARNING: date_default_timezone_get(): It is not safe to rely on the system's timezone settings. You are *required* to use the date.timezone setting or the date_default_timezone_set() function. In case you used any of those methods and you are still getting this warning, you most likely misspelled the timezone identifier. We selected the timezone 'UTC' for now, but please set date.timezone to select your timezone. {"file":"/usr/share/php/phpDocumentor/vendor/twig/twig/lib/Twig/Extension/Core.php","line":66} []
[2013-09-06 00:10:34] phpDocumentor.WARNING: E_WARNING: date_default_timezone_get(): It is not safe to rely on the system's timezone settings. You are *required* to use the date.timezone setting or the date_default_timezone_set() function. In case you used any of those methods and you are still getting this warning, you most likely misspelled the timezone identifier. We selected the timezone 'UTC' for now, but please set date.timezone to select your timezone. {"file":"/usr/share/php/phpDocumentor/vendor/twig/twig/lib/Twig/Extension/Core.php","line":66} []
[2013-09-06 00:10:34] phpDocumentor.WARNING: E_WARNING: date_default_timezone_get(): It is not safe to rely on the system's timezone settings. You are *required* to use the date.timezone setting or the date_default_timezone_set() function. In case you used any of those methods and you are still getting this warning, you most likely misspelled the timezone identifier. We selected the timezone 'UTC' for now, but please set date.timezone to select your timezone. {"file":"/usr/share/php/phpDocumentor/vendor/twig/twig/lib/Twig/Extension/Core.php","line":66} []
[2013-09-06 00:10:34] phpDocumentor.WARNING: E_WARNING: date_default_timezone_get(): It is not safe to rely on the system's timezone settings. You are *required* to use the date.timezone setting or the date_default_timezone_set() function. In case you used any of those methods and you are still getting this warning, you most likely misspelled the timezone identifier. We selected the timezone 'UTC' for now, but please set date.timezone to select your timezone. {"file":"/usr/share/php/phpDocumentor/vendor/twig/twig/lib/Twig/Extension/Core.php","line":66} []
[2013-09-06 00:10:34] phpDocumentor.WARNING: E_WARNING: date_default_timezone_get(): It is not safe to rely on the system's timezone settings. You are *required* to use the date.timezone setting or the date_default_timezone_set() function. In case you used any of those methods and you are still getting this warning, you most likely misspelled the timezone identifier. We selected the timezone 'UTC' for now, but please set date.timezone to select your timezone. {"file":"/usr/share/php/phpDocumentor/vendor/twig/twig/lib/Twig/Extension/Core.php","line":66} []
[2013-09-06 00:10:34] phpDocumentor.WARNING: E_WARNING: date_default_timezone_get(): It is not safe to rely on the system's timezone settings. You are *required* to use the date.timezone setting or the date_default_timezone_set() function. In case you used any of those methods and you are still getting this warning, you most likely misspelled the timezone identifier. We selected the timezone 'UTC' for now, but please set date.timezone to select your timezone. {"file":"/usr/share/php/phpDocumentor/vendor/twig/twig/lib/Twig/Extension/Core.php","line":66} []
[2013-09-06 00:10:34] phpDocumentor.WARNING: E_WARNING: date_default_timezone_get(): It is not safe to rely on the system's timezone settings. You are *required* to use the date.timezone setting or the date_default_timezone_set() function. In case you used any of those methods and you are still getting this warning, you most likely misspelled the timezone identifier. We selected the timezone 'UTC' for now, but please set date.timezone to select your timezone. {"file":"/usr/share/php/phpDocumentor/vendor/twig/twig/lib/Twig/Extension/Core.php","line":66} []
[2013-09-06 00:10:34] phpDocumentor.WARNING: E_WARNING: date_default_timezone_get(): It is not safe to rely on the system's timezone settings. You are *required* to use the date.timezone setting or the date_default_timezone_set() function. In case you used any of those methods and you are still getting this warning, you most likely misspelled the timezone identifier. We selected the timezone 'UTC' for now, but please set date.timezone to select your timezone. {"file":"/usr/share/php/phpDocumentor/vendor/twig/twig/lib/Twig/Extension/Core.php","line":66} []
[2013-09-06 00:10:34] phpDocumentor.WARNING: E_WARNING: date_default_timezone_get(): It is not safe to rely on the system's timezone settings. You are *required* to use the date.timezone setting or the date_default_timezone_set() function. In case you used any of those methods and you are still getting this warning, you most likely misspelled the timezone identifier. We selected the timezone 'UTC' for now, but please set date.timezone to select your timezone. {"file":"/usr/share/php/phpDocumentor/vendor/twig/twig/lib/Twig/Extension/Core.php","line":66} []
[2013-09-06 00:10:34] phpDocumentor.WARNING: E_WARNING: date_default_timezone_get(): It is not safe to rely on the system's timezone settings. You are *required* to use the date.timezone setting or the date_default_timezone_set() function. In case you used any of those methods and you are still getting this warning, you most likely misspelled the timezone identifier. We selected the timezone 'UTC' for now, but please set date.timezone to select your timezone. {"file":"/usr/share/php/phpDocumentor/vendor/twig/twig/lib/Twig/Extension/Core.php","line":66} []
[2013-09-06 00:10:34] phpDocumentor.WARNING: E_WARNING: date_default_timezone_get(): It is not safe to rely on the system's timezone settings. You are *required* to use the date.timezone setting or the date_default_timezone_set() function. In case you used any of those methods and you are still getting this warning, you most likely misspelled the timezone identifier. We selected the timezone 'UTC' for now, but please set date.timezone to select your timezone. {"file":"/usr/share/php/phpDocumentor/vendor/twig/twig/lib/Twig/Extension/Core.php","line":66} []
[2013-09-06 00:10:34] phpDocumentor.WARNING: E_WARNING: date_default_timezone_get(): It is not safe to rely on the system's timezone settings. You are *required* to use the date.timezone setting or the date_default_timezone_set() function. In case you used any of those methods and you are still getting this warning, you most likely misspelled the timezone identifier. We selected the timezone 'UTC' for now, but please set date.timezone to select your timezone. {"file":"/usr/share/php/phpDocumentor/vendor/twig/twig/lib/Twig/Extension/Core.php","line":66} []
[2013-09-06 00:10:34] phpDocumentor.WARNING: E_WARNING: date_default_timezone_get(): It is not safe to rely on the system's timezone settings. You are *required* to use the date.timezone setting or the date_default_timezone_set() function. In case you used any of those methods and you are still getting this warning, you most likely misspelled the timezone identifier. We selected the timezone 'UTC' for now, but please set date.timezone to select your timezone. {"file":"/usr/share/php/phpDocumentor/vendor/twig/twig/lib/Twig/Extension/Core.php","line":66} []
[2013-09-06 00:10:34] phpDocumentor.WARNING: E_WARNING: date_default_timezone_get(): It is not safe to rely on the system's timezone settings. You are *required* to use the date.timezone setting or the date_default_timezone_set() function. In case you used any of those methods and you are still getting this warning, you most likely misspelled the timezone identifier. We selected the timezone 'UTC' for now, but please set date.timezone to select your timezone. {"file":"/usr/share/php/phpDocumentor/vendor/twig/twig/lib/Twig/Extension/Core.php","line":66} []
[2013-09-06 00:10:34] phpDocumentor.WARNING: E_WARNING: date_default_timezone_get(): It is not safe to rely on the system's timezone settings. You are *required* to use the date.timezone setting or the date_default_timezone_set() function. In case you used any of those methods and you are still getting this warning, you most likely misspelled the timezone identifier. We selected the timezone 'UTC' for now, but please set date.timezone to select your timezone. {"file":"/usr/share/php/phpDocumentor/vendor/twig/twig/lib/Twig/Extension/Core.php","line":66} []
[2013-09-06 00:10:34] phpDocumentor.WARNING: E_WARNING: date_default_timezone_get(): It is not safe to rely on the system's timezone settings. You are *required* to use the date.timezone setting or the date_default_timezone_set() function. In case you used any of those methods and you are still getting this warning, you most likely misspelled the timezone identifier. We selected the timezone 'UTC' for now, but please set date.timezone to select your timezone. {"file":"/usr/share/php/phpDocumentor/vendor/twig/twig/lib/Twig/Extension/Core.php","line":66} []
[2013-09-06 00:10:34] phpDocumentor.WARNING: E_WARNING: date_default_timezone_get(): It is not safe to rely on the system's timezone settings. You are *required* to use the date.timezone setting or the date_default_timezone_set() function. In case you used any of those methods and you are still getting this warning, you most likely misspelled the timezone identifier. We selected the timezone 'UTC' for now, but please set date.timezone to select your timezone. {"file":"/usr/share/php/phpDocumentor/vendor/twig/twig/lib/Twig/Extension/Core.php","line":66} []
[2013-09-06 00:10:34] phpDocumentor.WARNING: E_WARNING: date_default_timezone_get(): It is not safe to rely on the system's timezone settings. You are *required* to use the date.timezone setting or the date_default_timezone_set() function. In case you used any of those methods and you are still getting this warning, you most likely misspelled the timezone identifier. We selected the timezone 'UTC' for now, but please set date.timezone to select your timezone. {"file":"/usr/share/php/phpDocumentor/vendor/twig/twig/lib/Twig/Extension/Core.php","line":66} []
